Start testing: Jul 15 14:17 CEST
----------------------------------------------------------
1/18 Testing: BST.TestInsertAndSearch
1/18 Test: BST.TestInsertAndSearch
Command: "/Users/mandel/Documents/Projects/AlgoTestsCppGtest/cmake-build-debug/tests/class_library_tests/class_library_tests" "--gtest_filter=BST.TestInsertAndSearch" "--gtest_also_run_disabled_tests"
Directory: /Users/mandel/Documents/Projects/AlgoTestsCppGtest/cmake-build-debug/tests/class_library_tests
"BST.TestInsertAndSearch" start time: Jul 15 14:17 CEST
Output:
----------------------------------------------------------
Note: Google Test filter = BST.TestInsertAndSearch
[==========] Running 1 test from 1 test suite.
[----------] Global test environment set-up.
[----------] 1 test from BST
[ RUN      ] BST.TestInsertAndSearch
L--4
    |--6
    |   |--7
    |   L--5
    L--2
        |--3
        L--1
[       OK ] BST.TestInsertAndSearch (0 ms)
[----------] 1 test from BST (0 ms total)

[----------] Global test environment tear-down
[==========] 1 test from 1 test suite ran. (0 ms total)
[  PASSED  ] 1 test.
<end of output>
Test time =   0.48 sec
----------------------------------------------------------
Test Passed.
"BST.TestInsertAndSearch" end time: Jul 15 14:17 CEST
"BST.TestInsertAndSearch" time elapsed: 00:00:00
----------------------------------------------------------

2/18 Testing: BST.TestDeleteValueNoChild
2/18 Test: BST.TestDeleteValueNoChild
Command: "/Users/mandel/Documents/Projects/AlgoTestsCppGtest/cmake-build-debug/tests/class_library_tests/class_library_tests" "--gtest_filter=BST.TestDeleteValueNoChild" "--gtest_also_run_disabled_tests"
Directory: /Users/mandel/Documents/Projects/AlgoTestsCppGtest/cmake-build-debug/tests/class_library_tests
"BST.TestDeleteValueNoChild" start time: Jul 15 14:17 CEST
Output:
----------------------------------------------------------
Note: Google Test filter = BST.TestDeleteValueNoChild
[==========] Running 1 test from 1 test suite.
[----------] Global test environment set-up.
[----------] 1 test from BST
[ RUN      ] BST.TestDeleteValueNoChild
The tree before deleting 7:
L--4
    |--6
    |   |--7
    |   L--5
    L--2
        |--3
        L--1
The tree after deleting 7:
L--4
    |--6
    |   L--5
    L--2
        |--3
        L--1
[       OK ] BST.TestDeleteValueNoChild (0 ms)
[----------] 1 test from BST (0 ms total)

[----------] Global test environment tear-down
[==========] 1 test from 1 test suite ran. (0 ms total)
[  PASSED  ] 1 test.
<end of output>
Test time =   0.01 sec
----------------------------------------------------------
Test Passed.
"BST.TestDeleteValueNoChild" end time: Jul 15 14:17 CEST
"BST.TestDeleteValueNoChild" time elapsed: 00:00:00
----------------------------------------------------------

3/18 Testing: BST.TestDeleteValueOneChild
3/18 Test: BST.TestDeleteValueOneChild
Command: "/Users/mandel/Documents/Projects/AlgoTestsCppGtest/cmake-build-debug/tests/class_library_tests/class_library_tests" "--gtest_filter=BST.TestDeleteValueOneChild" "--gtest_also_run_disabled_tests"
Directory: /Users/mandel/Documents/Projects/AlgoTestsCppGtest/cmake-build-debug/tests/class_library_tests
"BST.TestDeleteValueOneChild" start time: Jul 15 14:17 CEST
Output:
----------------------------------------------------------
Note: Google Test filter = BST.TestDeleteValueOneChild
[==========] Running 1 test from 1 test suite.
[----------] Global test environment set-up.
[----------] 1 test from BST
[ RUN      ] BST.TestDeleteValueOneChild
The tree before deleting 2:
L--4
    |--6
    |   |--7
    |   L--5
    L--2
        |--3
The tree after deleting 2:
L--4
    |--6
    |   |--7
    |   L--5
    L--3
[       OK ] BST.TestDeleteValueOneChild (0 ms)
[----------] 1 test from BST (0 ms total)

[----------] Global test environment tear-down
[==========] 1 test from 1 test suite ran. (0 ms total)
[  PASSED  ] 1 test.
<end of output>
Test time =   0.01 sec
----------------------------------------------------------
Test Passed.
"BST.TestDeleteValueOneChild" end time: Jul 15 14:17 CEST
"BST.TestDeleteValueOneChild" time elapsed: 00:00:00
----------------------------------------------------------

4/18 Testing: BST.TestDeleteValueTwoChildren
4/18 Test: BST.TestDeleteValueTwoChildren
Command: "/Users/mandel/Documents/Projects/AlgoTestsCppGtest/cmake-build-debug/tests/class_library_tests/class_library_tests" "--gtest_filter=BST.TestDeleteValueTwoChildren" "--gtest_also_run_disabled_tests"
Directory: /Users/mandel/Documents/Projects/AlgoTestsCppGtest/cmake-build-debug/tests/class_library_tests
"BST.TestDeleteValueTwoChildren" start time: Jul 15 14:17 CEST
Output:
----------------------------------------------------------
Note: Google Test filter = BST.TestDeleteValueTwoChildren
[==========] Running 1 test from 1 test suite.
[----------] Global test environment set-up.
[----------] 1 test from BST
[ RUN      ] BST.TestDeleteValueTwoChildren
The tree before deleting 2:
L--4
    |--6
    |   |--7
    |   L--5
    L--2
        |--3
        L--1
The tree after deleting 2:
L--4
    |--6
    |   |--7
    |   L--5
    L--3
        L--1
[       OK ] BST.TestDeleteValueTwoChildren (0 ms)
[----------] 1 test from BST (0 ms total)

[----------] Global test environment tear-down
[==========] 1 test from 1 test suite ran. (0 ms total)
[  PASSED  ] 1 test.
<end of output>
Test time =   0.01 sec
----------------------------------------------------------
Test Passed.
"BST.TestDeleteValueTwoChildren" end time: Jul 15 14:17 CEST
"BST.TestDeleteValueTwoChildren" time elapsed: 00:00:00
----------------------------------------------------------

5/18 Testing: BST.TestDeleteRootValue
5/18 Test: BST.TestDeleteRootValue
Command: "/Users/mandel/Documents/Projects/AlgoTestsCppGtest/cmake-build-debug/tests/class_library_tests/class_library_tests" "--gtest_filter=BST.TestDeleteRootValue" "--gtest_also_run_disabled_tests"
Directory: /Users/mandel/Documents/Projects/AlgoTestsCppGtest/cmake-build-debug/tests/class_library_tests
"BST.TestDeleteRootValue" start time: Jul 15 14:17 CEST
Output:
----------------------------------------------------------
Note: Google Test filter = BST.TestDeleteRootValue
[==========] Running 1 test from 1 test suite.
[----------] Global test environment set-up.
[----------] 1 test from BST
[ RUN      ] BST.TestDeleteRootValue
The tree before deleting the root:
L--4
    |--6
    |   |--7
    |   L--5
    L--2
        |--3
        L--1
The tree after deleting the root:
L--5
    |--6
    |   |--7
    L--2
        |--3
        L--1
[       OK ] BST.TestDeleteRootValue (0 ms)
[----------] 1 test from BST (0 ms total)

[----------] Global test environment tear-down
[==========] 1 test from 1 test suite ran. (0 ms total)
[  PASSED  ] 1 test.
<end of output>
Test time =   0.01 sec
----------------------------------------------------------
Test Passed.
"BST.TestDeleteRootValue" end time: Jul 15 14:17 CEST
"BST.TestDeleteRootValue" time elapsed: 00:00:00
----------------------------------------------------------

6/18 Testing: BST.TestCloningTree
6/18 Test: BST.TestCloningTree
Command: "/Users/mandel/Documents/Projects/AlgoTestsCppGtest/cmake-build-debug/tests/class_library_tests/class_library_tests" "--gtest_filter=BST.TestCloningTree" "--gtest_also_run_disabled_tests"
Directory: /Users/mandel/Documents/Projects/AlgoTestsCppGtest/cmake-build-debug/tests/class_library_tests
"BST.TestCloningTree" start time: Jul 15 14:17 CEST
Output:
----------------------------------------------------------
Note: Google Test filter = BST.TestCloningTree
[==========] Running 1 test from 1 test suite.
[----------] Global test environment set-up.
[----------] 1 test from BST
[ RUN      ] BST.TestCloningTree
The original tree:
L--4
    |--6
    |   |--7
    |   L--5
    L--2
        |--3
        L--1
The cloned tree:
L--4
    |--6
    |   |--7
    |   L--5
    L--2
        |--3
        L--1
[       OK ] BST.TestCloningTree (0 ms)
[----------] 1 test from BST (0 ms total)

[----------] Global test environment tear-down
[==========] 1 test from 1 test suite ran. (0 ms total)
[  PASSED  ] 1 test.
<end of output>
Test time =   0.01 sec
----------------------------------------------------------
Test Passed.
"BST.TestCloningTree" end time: Jul 15 14:17 CEST
"BST.TestCloningTree" time elapsed: 00:00:00
----------------------------------------------------------

7/18 Testing: BST.TestDeletingTree
7/18 Test: BST.TestDeletingTree
Command: "/Users/mandel/Documents/Projects/AlgoTestsCppGtest/cmake-build-debug/tests/class_library_tests/class_library_tests" "--gtest_filter=BST.TestDeletingTree" "--gtest_also_run_disabled_tests"
Directory: /Users/mandel/Documents/Projects/AlgoTestsCppGtest/cmake-build-debug/tests/class_library_tests
"BST.TestDeletingTree" start time: Jul 15 14:17 CEST
Output:
----------------------------------------------------------
Note: Google Test filter = BST.TestDeletingTree
[==========] Running 1 test from 1 test suite.
[----------] Global test environment set-up.
[----------] 1 test from BST
[ RUN      ] BST.TestDeletingTree
[       OK ] BST.TestDeletingTree (0 ms)
[----------] 1 test from BST (0 ms total)

[----------] Global test environment tear-down
[==========] 1 test from 1 test suite ran. (0 ms total)
[  PASSED  ] 1 test.
<end of output>
Test time =   0.01 sec
----------------------------------------------------------
Test Passed.
"BST.TestDeletingTree" end time: Jul 15 14:17 CEST
"BST.TestDeletingTree" time elapsed: 00:00:00
----------------------------------------------------------

8/18 Testing: BST.TestIterationOverTree
8/18 Test: BST.TestIterationOverTree
Command: "/Users/mandel/Documents/Projects/AlgoTestsCppGtest/cmake-build-debug/tests/class_library_tests/class_library_tests" "--gtest_filter=BST.TestIterationOverTree" "--gtest_also_run_disabled_tests"
Directory: /Users/mandel/Documents/Projects/AlgoTestsCppGtest/cmake-build-debug/tests/class_library_tests
"BST.TestIterationOverTree" start time: Jul 15 14:17 CEST
Output:
----------------------------------------------------------
Note: Google Test filter = BST.TestIterationOverTree
[==========] Running 1 test from 1 test suite.
[----------] Global test environment set-up.
[----------] 1 test from BST
[ RUN      ] BST.TestIterationOverTree
1 2 3 4 5 6 7 [       OK ] BST.TestIterationOverTree (0 ms)
[----------] 1 test from BST (0 ms total)

[----------] Global test environment tear-down
[==========] 1 test from 1 test suite ran. (0 ms total)
[  PASSED  ] 1 test.
<end of output>
Test time =   0.01 sec
----------------------------------------------------------
Test Passed.
"BST.TestIterationOverTree" end time: Jul 15 14:17 CEST
"BST.TestIterationOverTree" time elapsed: 00:00:00
----------------------------------------------------------

9/18 Testing: TurboSearch.LinearSearch
9/18 Test: TurboSearch.LinearSearch
Command: "/Users/mandel/Documents/Projects/AlgoTestsCppGtest/cmake-build-debug/tests/class_library_tests/class_library_tests" "--gtest_filter=TurboSearch.LinearSearch" "--gtest_also_run_disabled_tests"
Directory: /Users/mandel/Documents/Projects/AlgoTestsCppGtest/cmake-build-debug/tests/class_library_tests
"TurboSearch.LinearSearch" start time: Jul 15 14:17 CEST
Output:
----------------------------------------------------------
Note: Google Test filter = TurboSearch.LinearSearch
[==========] Running 1 test from 1 test suite.
[----------] Global test environment set-up.
[----------] 1 test from TurboSearch
[ RUN      ] TurboSearch.LinearSearch
LinearSearch: 16 microseconds
[       OK ] TurboSearch.LinearSearch (0 ms)
[----------] 1 test from TurboSearch (0 ms total)

[----------] Global test environment tear-down
[==========] 1 test from 1 test suite ran. (0 ms total)
[  PASSED  ] 1 test.
<end of output>
Test time =   0.01 sec
----------------------------------------------------------
Test Passed.
"TurboSearch.LinearSearch" end time: Jul 15 14:17 CEST
"TurboSearch.LinearSearch" time elapsed: 00:00:00
----------------------------------------------------------

10/18 Testing: TurboSearch.BinarySearch
10/18 Test: TurboSearch.BinarySearch
Command: "/Users/mandel/Documents/Projects/AlgoTestsCppGtest/cmake-build-debug/tests/class_library_tests/class_library_tests" "--gtest_filter=TurboSearch.BinarySearch" "--gtest_also_run_disabled_tests"
Directory: /Users/mandel/Documents/Projects/AlgoTestsCppGtest/cmake-build-debug/tests/class_library_tests
"TurboSearch.BinarySearch" start time: Jul 15 14:17 CEST
Output:
----------------------------------------------------------
Note: Google Test filter = TurboSearch.BinarySearch
[==========] Running 1 test from 1 test suite.
[----------] Global test environment set-up.
[----------] 1 test from TurboSearch
[ RUN      ] TurboSearch.BinarySearch
BinarySearch: 5 microseconds
[       OK ] TurboSearch.BinarySearch (0 ms)
[----------] 1 test from TurboSearch (0 ms total)

[----------] Global test environment tear-down
[==========] 1 test from 1 test suite ran. (0 ms total)
[  PASSED  ] 1 test.
<end of output>
Test time =   0.01 sec
----------------------------------------------------------
Test Passed.
"TurboSearch.BinarySearch" end time: Jul 15 14:17 CEST
"TurboSearch.BinarySearch" time elapsed: 00:00:00
----------------------------------------------------------

11/18 Testing: TurboSort.SelectionSort
11/18 Test: TurboSort.SelectionSort
Command: "/Users/mandel/Documents/Projects/AlgoTestsCppGtest/cmake-build-debug/tests/class_library_tests/class_library_tests" "--gtest_filter=TurboSort.SelectionSort" "--gtest_also_run_disabled_tests"
Directory: /Users/mandel/Documents/Projects/AlgoTestsCppGtest/cmake-build-debug/tests/class_library_tests
"TurboSort.SelectionSort" start time: Jul 15 14:17 CEST
Output:
----------------------------------------------------------
Note: Google Test filter = TurboSort.SelectionSort
[==========] Running 1 test from 1 test suite.
[----------] Global test environment set-up.
[----------] 1 test from TurboSort
[ RUN      ] TurboSort.SelectionSort
[       OK ] TurboSort.SelectionSort (0 ms)
[----------] 1 test from TurboSort (0 ms total)

[----------] Global test environment tear-down
[==========] 1 test from 1 test suite ran. (0 ms total)
[  PASSED  ] 1 test.
<end of output>
Test time =   0.01 sec
----------------------------------------------------------
Test Passed.
"TurboSort.SelectionSort" end time: Jul 15 14:17 CEST
"TurboSort.SelectionSort" time elapsed: 00:00:00
----------------------------------------------------------

12/18 Testing: TurboSort.BubbleSort
12/18 Test: TurboSort.BubbleSort
Command: "/Users/mandel/Documents/Projects/AlgoTestsCppGtest/cmake-build-debug/tests/class_library_tests/class_library_tests" "--gtest_filter=TurboSort.BubbleSort" "--gtest_also_run_disabled_tests"
Directory: /Users/mandel/Documents/Projects/AlgoTestsCppGtest/cmake-build-debug/tests/class_library_tests
"TurboSort.BubbleSort" start time: Jul 15 14:17 CEST
Output:
----------------------------------------------------------
Note: Google Test filter = TurboSort.BubbleSort
[==========] Running 1 test from 1 test suite.
[----------] Global test environment set-up.
[----------] 1 test from TurboSort
[ RUN      ] TurboSort.BubbleSort
[       OK ] TurboSort.BubbleSort (0 ms)
[----------] 1 test from TurboSort (0 ms total)

[----------] Global test environment tear-down
[==========] 1 test from 1 test suite ran. (0 ms total)
[  PASSED  ] 1 test.
<end of output>
Test time =   0.01 sec
----------------------------------------------------------
Test Passed.
"TurboSort.BubbleSort" end time: Jul 15 14:17 CEST
"TurboSort.BubbleSort" time elapsed: 00:00:00
----------------------------------------------------------

13/18 Testing: TurboSort.Quicksort
13/18 Test: TurboSort.Quicksort
Command: "/Users/mandel/Documents/Projects/AlgoTestsCppGtest/cmake-build-debug/tests/class_library_tests/class_library_tests" "--gtest_filter=TurboSort.Quicksort" "--gtest_also_run_disabled_tests"
Directory: /Users/mandel/Documents/Projects/AlgoTestsCppGtest/cmake-build-debug/tests/class_library_tests
"TurboSort.Quicksort" start time: Jul 15 14:17 CEST
Output:
----------------------------------------------------------
Note: Google Test filter = TurboSort.Quicksort
[==========] Running 1 test from 1 test suite.
[----------] Global test environment set-up.
[----------] 1 test from TurboSort
[ RUN      ] TurboSort.Quicksort
[       OK ] TurboSort.Quicksort (0 ms)
[----------] 1 test from TurboSort (0 ms total)

[----------] Global test environment tear-down
[==========] 1 test from 1 test suite ran. (0 ms total)
[  PASSED  ] 1 test.
<end of output>
Test time =   0.01 sec
----------------------------------------------------------
Test Passed.
"TurboSort.Quicksort" end time: Jul 15 14:17 CEST
"TurboSort.Quicksort" time elapsed: 00:00:00
----------------------------------------------------------

14/18 Testing: TurboStack.AddCorrectlyToStack
14/18 Test: TurboStack.AddCorrectlyToStack
Command: "/Users/mandel/Documents/Projects/AlgoTestsCppGtest/cmake-build-debug/tests/class_library_tests/class_library_tests" "--gtest_filter=TurboStack.AddCorrectlyToStack" "--gtest_also_run_disabled_tests"
Directory: /Users/mandel/Documents/Projects/AlgoTestsCppGtest/cmake-build-debug/tests/class_library_tests
"TurboStack.AddCorrectlyToStack" start time: Jul 15 14:17 CEST
Output:
----------------------------------------------------------
Note: Google Test filter = TurboStack.AddCorrectlyToStack
[==========] Running 1 test from 1 test suite.
[----------] Global test environment set-up.
[----------] 1 test from TurboStack
[ RUN      ] TurboStack.AddCorrectlyToStack
[       OK ] TurboStack.AddCorrectlyToStack (0 ms)
[----------] 1 test from TurboStack (0 ms total)

[----------] Global test environment tear-down
[==========] 1 test from 1 test suite ran. (0 ms total)
[  PASSED  ] 1 test.
<end of output>
Test time =   0.01 sec
----------------------------------------------------------
Test Passed.
"TurboStack.AddCorrectlyToStack" end time: Jul 15 14:17 CEST
"TurboStack.AddCorrectlyToStack" time elapsed: 00:00:00
----------------------------------------------------------

15/18 Testing: TurboStack.PopAndPeekInStack
15/18 Test: TurboStack.PopAndPeekInStack
Command: "/Users/mandel/Documents/Projects/AlgoTestsCppGtest/cmake-build-debug/tests/class_library_tests/class_library_tests" "--gtest_filter=TurboStack.PopAndPeekInStack" "--gtest_also_run_disabled_tests"
Directory: /Users/mandel/Documents/Projects/AlgoTestsCppGtest/cmake-build-debug/tests/class_library_tests
"TurboStack.PopAndPeekInStack" start time: Jul 15 14:17 CEST
Output:
----------------------------------------------------------
Note: Google Test filter = TurboStack.PopAndPeekInStack
[==========] Running 1 test from 1 test suite.
[----------] Global test environment set-up.
[----------] 1 test from TurboStack
[ RUN      ] TurboStack.PopAndPeekInStack
[       OK ] TurboStack.PopAndPeekInStack (0 ms)
[----------] 1 test from TurboStack (0 ms total)

[----------] Global test environment tear-down
[==========] 1 test from 1 test suite ran. (0 ms total)
[  PASSED  ] 1 test.
<end of output>
Test time =   0.01 sec
----------------------------------------------------------
Test Passed.
"TurboStack.PopAndPeekInStack" end time: Jul 15 14:17 CEST
"TurboStack.PopAndPeekInStack" time elapsed: 00:00:00
----------------------------------------------------------

16/18 Testing: TurboStack.StackSizeAndEmpty
16/18 Test: TurboStack.StackSizeAndEmpty
Command: "/Users/mandel/Documents/Projects/AlgoTestsCppGtest/cmake-build-debug/tests/class_library_tests/class_library_tests" "--gtest_filter=TurboStack.StackSizeAndEmpty" "--gtest_also_run_disabled_tests"
Directory: /Users/mandel/Documents/Projects/AlgoTestsCppGtest/cmake-build-debug/tests/class_library_tests
"TurboStack.StackSizeAndEmpty" start time: Jul 15 14:17 CEST
Output:
----------------------------------------------------------
Note: Google Test filter = TurboStack.StackSizeAndEmpty
[==========] Running 1 test from 1 test suite.
[----------] Global test environment set-up.
[----------] 1 test from TurboStack
[ RUN      ] TurboStack.StackSizeAndEmpty
[       OK ] TurboStack.StackSizeAndEmpty (0 ms)
[----------] 1 test from TurboStack (0 ms total)

[----------] Global test environment tear-down
[==========] 1 test from 1 test suite ran. (0 ms total)
[  PASSED  ] 1 test.
<end of output>
Test time =   0.01 sec
----------------------------------------------------------
Test Passed.
"TurboStack.StackSizeAndEmpty" end time: Jul 15 14:17 CEST
"TurboStack.StackSizeAndEmpty" time elapsed: 00:00:00
----------------------------------------------------------

17/18 Testing: TurboQueue.AddCorrectlyToQueue
17/18 Test: TurboQueue.AddCorrectlyToQueue
Command: "/Users/mandel/Documents/Projects/AlgoTestsCppGtest/cmake-build-debug/tests/class_library_tests/class_library_tests" "--gtest_filter=TurboQueue.AddCorrectlyToQueue" "--gtest_also_run_disabled_tests"
Directory: /Users/mandel/Documents/Projects/AlgoTestsCppGtest/cmake-build-debug/tests/class_library_tests
"TurboQueue.AddCorrectlyToQueue" start time: Jul 15 14:17 CEST
Output:
----------------------------------------------------------
Note: Google Test filter = TurboQueue.AddCorrectlyToQueue
[==========] Running 1 test from 1 test suite.
[----------] Global test environment set-up.
[----------] 1 test from TurboQueue
[ RUN      ] TurboQueue.AddCorrectlyToQueue
[       OK ] TurboQueue.AddCorrectlyToQueue (0 ms)
[----------] 1 test from TurboQueue (0 ms total)

[----------] Global test environment tear-down
[==========] 1 test from 1 test suite ran. (0 ms total)
[  PASSED  ] 1 test.
<end of output>
Test time =   0.01 sec
----------------------------------------------------------
Test Passed.
"TurboQueue.AddCorrectlyToQueue" end time: Jul 15 14:17 CEST
"TurboQueue.AddCorrectlyToQueue" time elapsed: 00:00:00
----------------------------------------------------------

18/18 Testing: TurboQueue.CheckFrontandDequeue
18/18 Test: TurboQueue.CheckFrontandDequeue
Command: "/Users/mandel/Documents/Projects/AlgoTestsCppGtest/cmake-build-debug/tests/class_library_tests/class_library_tests" "--gtest_filter=TurboQueue.CheckFrontandDequeue" "--gtest_also_run_disabled_tests"
Directory: /Users/mandel/Documents/Projects/AlgoTestsCppGtest/cmake-build-debug/tests/class_library_tests
"TurboQueue.CheckFrontandDequeue" start time: Jul 15 14:17 CEST
Output:
----------------------------------------------------------
Note: Google Test filter = TurboQueue.CheckFrontandDequeue
[==========] Running 1 test from 1 test suite.
[----------] Global test environment set-up.
[----------] 1 test from TurboQueue
[ RUN      ] TurboQueue.CheckFrontandDequeue
[       OK ] TurboQueue.CheckFrontandDequeue (0 ms)
[----------] 1 test from TurboQueue (0 ms total)

[----------] Global test environment tear-down
[==========] 1 test from 1 test suite ran. (0 ms total)
[  PASSED  ] 1 test.
<end of output>
Test time =   0.01 sec
----------------------------------------------------------
Test Passed.
"TurboQueue.CheckFrontandDequeue" end time: Jul 15 14:17 CEST
"TurboQueue.CheckFrontandDequeue" time elapsed: 00:00:00
----------------------------------------------------------

End testing: Jul 15 14:17 CEST
