Start testing: May 16 12:14 CEST
----------------------------------------------------------
1/16 Testing: BST.TestInsertAndSearch
1/16 Test: BST.TestInsertAndSearch
Command: "/Users/mandel/Documents/Projects/AlgoTestsCppGtest/cmake-build-debug/tests/class_library_tests/class_library_tests" "--gtest_filter=BST.TestInsertAndSearch" "--gtest_also_run_disabled_tests"
Directory: /Users/mandel/Documents/Projects/AlgoTestsCppGtest/cmake-build-debug/tests/class_library_tests
"BST.TestInsertAndSearch" start time: May 16 12:14 CEST
Output:
----------------------------------------------------------
Note: Google Test filter = BST.TestInsertAndSearch
[==========] Running 1 test from 1 test suite.
[----------] Global test environment set-up.
[----------] 1 test from BST
[ RUN      ] BST.TestInsertAndSearch
[       OK ] BST.TestInsertAndSearch (0 ms)
[----------] 1 test from BST (0 ms total)

[----------] Global test environment tear-down
[==========] 1 test from 1 test suite ran. (0 ms total)
[  PASSED  ] 1 test.
<end of output>
Test time =   0.01 sec
----------------------------------------------------------
Test Passed.
"BST.TestInsertAndSearch" end time: May 16 12:14 CEST
"BST.TestInsertAndSearch" time elapsed: 00:00:00
----------------------------------------------------------

2/16 Testing: BST.TestDeleteValueNoChild
2/16 Test: BST.TestDeleteValueNoChild
Command: "/Users/mandel/Documents/Projects/AlgoTestsCppGtest/cmake-build-debug/tests/class_library_tests/class_library_tests" "--gtest_filter=BST.TestDeleteValueNoChild" "--gtest_also_run_disabled_tests"
Directory: /Users/mandel/Documents/Projects/AlgoTestsCppGtest/cmake-build-debug/tests/class_library_tests
"BST.TestDeleteValueNoChild" start time: May 16 12:14 CEST
Output:
----------------------------------------------------------
Note: Google Test filter = BST.TestDeleteValueNoChild
[==========] Running 1 test from 1 test suite.
[----------] Global test environment set-up.
[----------] 1 test from BST
[ RUN      ] BST.TestDeleteValueNoChild
[       OK ] BST.TestDeleteValueNoChild (0 ms)
[----------] 1 test from BST (0 ms total)

[----------] Global test environment tear-down
[==========] 1 test from 1 test suite ran. (0 ms total)
[  PASSED  ] 1 test.
<end of output>
Test time =   0.01 sec
----------------------------------------------------------
Test Passed.
"BST.TestDeleteValueNoChild" end time: May 16 12:14 CEST
"BST.TestDeleteValueNoChild" time elapsed: 00:00:00
----------------------------------------------------------

3/16 Testing: BST.TestDeleteValueOneChild
3/16 Test: BST.TestDeleteValueOneChild
Command: "/Users/mandel/Documents/Projects/AlgoTestsCppGtest/cmake-build-debug/tests/class_library_tests/class_library_tests" "--gtest_filter=BST.TestDeleteValueOneChild" "--gtest_also_run_disabled_tests"
Directory: /Users/mandel/Documents/Projects/AlgoTestsCppGtest/cmake-build-debug/tests/class_library_tests
"BST.TestDeleteValueOneChild" start time: May 16 12:14 CEST
Output:
----------------------------------------------------------
Note: Google Test filter = BST.TestDeleteValueOneChild
[==========] Running 1 test from 1 test suite.
[----------] Global test environment set-up.
[----------] 1 test from BST
[ RUN      ] BST.TestDeleteValueOneChild
[       OK ] BST.TestDeleteValueOneChild (0 ms)
[----------] 1 test from BST (0 ms total)

[----------] Global test environment tear-down
[==========] 1 test from 1 test suite ran. (0 ms total)
[  PASSED  ] 1 test.
<end of output>
Test time =   0.01 sec
----------------------------------------------------------
Test Passed.
"BST.TestDeleteValueOneChild" end time: May 16 12:14 CEST
"BST.TestDeleteValueOneChild" time elapsed: 00:00:00
----------------------------------------------------------

4/16 Testing: BST.TestDeleteValueTwoChildren
4/16 Test: BST.TestDeleteValueTwoChildren
Command: "/Users/mandel/Documents/Projects/AlgoTestsCppGtest/cmake-build-debug/tests/class_library_tests/class_library_tests" "--gtest_filter=BST.TestDeleteValueTwoChildren" "--gtest_also_run_disabled_tests"
Directory: /Users/mandel/Documents/Projects/AlgoTestsCppGtest/cmake-build-debug/tests/class_library_tests
"BST.TestDeleteValueTwoChildren" start time: May 16 12:14 CEST
Output:
----------------------------------------------------------
Note: Google Test filter = BST.TestDeleteValueTwoChildren
[==========] Running 1 test from 1 test suite.
[----------] Global test environment set-up.
[----------] 1 test from BST
[ RUN      ] BST.TestDeleteValueTwoChildren
[       OK ] BST.TestDeleteValueTwoChildren (0 ms)
[----------] 1 test from BST (0 ms total)

[----------] Global test environment tear-down
[==========] 1 test from 1 test suite ran. (0 ms total)
[  PASSED  ] 1 test.
<end of output>
Test time =   0.01 sec
----------------------------------------------------------
Test Passed.
"BST.TestDeleteValueTwoChildren" end time: May 16 12:14 CEST
"BST.TestDeleteValueTwoChildren" time elapsed: 00:00:00
----------------------------------------------------------

5/16 Testing: BST.TestCloningTree
5/16 Test: BST.TestCloningTree
Command: "/Users/mandel/Documents/Projects/AlgoTestsCppGtest/cmake-build-debug/tests/class_library_tests/class_library_tests" "--gtest_filter=BST.TestCloningTree" "--gtest_also_run_disabled_tests"
Directory: /Users/mandel/Documents/Projects/AlgoTestsCppGtest/cmake-build-debug/tests/class_library_tests
"BST.TestCloningTree" start time: May 16 12:14 CEST
Output:
----------------------------------------------------------
Note: Google Test filter = BST.TestCloningTree
[==========] Running 1 test from 1 test suite.
[----------] Global test environment set-up.
[----------] 1 test from BST
[ RUN      ] BST.TestCloningTree
[       OK ] BST.TestCloningTree (0 ms)
[----------] 1 test from BST (0 ms total)

[----------] Global test environment tear-down
[==========] 1 test from 1 test suite ran. (0 ms total)
[  PASSED  ] 1 test.
<end of output>
Test time =   0.01 sec
----------------------------------------------------------
Test Passed.
"BST.TestCloningTree" end time: May 16 12:14 CEST
"BST.TestCloningTree" time elapsed: 00:00:00
----------------------------------------------------------

6/16 Testing: BST.TestDeletingTree
6/16 Test: BST.TestDeletingTree
Command: "/Users/mandel/Documents/Projects/AlgoTestsCppGtest/cmake-build-debug/tests/class_library_tests/class_library_tests" "--gtest_filter=BST.TestDeletingTree" "--gtest_also_run_disabled_tests"
Directory: /Users/mandel/Documents/Projects/AlgoTestsCppGtest/cmake-build-debug/tests/class_library_tests
"BST.TestDeletingTree" start time: May 16 12:14 CEST
Output:
----------------------------------------------------------
Note: Google Test filter = BST.TestDeletingTree
[==========] Running 1 test from 1 test suite.
[----------] Global test environment set-up.
[----------] 1 test from BST
[ RUN      ] BST.TestDeletingTree
[       OK ] BST.TestDeletingTree (0 ms)
[----------] 1 test from BST (0 ms total)

[----------] Global test environment tear-down
[==========] 1 test from 1 test suite ran. (0 ms total)
[  PASSED  ] 1 test.
<end of output>
Test time =   0.01 sec
----------------------------------------------------------
Test Passed.
"BST.TestDeletingTree" end time: May 16 12:14 CEST
"BST.TestDeletingTree" time elapsed: 00:00:00
----------------------------------------------------------

7/16 Testing: TurboSearch.LinearSearch
7/16 Test: TurboSearch.LinearSearch
Command: "/Users/mandel/Documents/Projects/AlgoTestsCppGtest/cmake-build-debug/tests/class_library_tests/class_library_tests" "--gtest_filter=TurboSearch.LinearSearch" "--gtest_also_run_disabled_tests"
Directory: /Users/mandel/Documents/Projects/AlgoTestsCppGtest/cmake-build-debug/tests/class_library_tests
"TurboSearch.LinearSearch" start time: May 16 12:14 CEST
Output:
----------------------------------------------------------
Note: Google Test filter = TurboSearch.LinearSearch
[==========] Running 1 test from 1 test suite.
[----------] Global test environment set-up.
[----------] 1 test from TurboSearch
[ RUN      ] TurboSearch.LinearSearch
LinearSearch: 19 microseconds
[       OK ] TurboSearch.LinearSearch (0 ms)
[----------] 1 test from TurboSearch (0 ms total)

[----------] Global test environment tear-down
[==========] 1 test from 1 test suite ran. (0 ms total)
[  PASSED  ] 1 test.
<end of output>
Test time =   0.01 sec
----------------------------------------------------------
Test Passed.
"TurboSearch.LinearSearch" end time: May 16 12:14 CEST
"TurboSearch.LinearSearch" time elapsed: 00:00:00
----------------------------------------------------------

8/16 Testing: TurboSearch.BinarySearch
8/16 Test: TurboSearch.BinarySearch
Command: "/Users/mandel/Documents/Projects/AlgoTestsCppGtest/cmake-build-debug/tests/class_library_tests/class_library_tests" "--gtest_filter=TurboSearch.BinarySearch" "--gtest_also_run_disabled_tests"
Directory: /Users/mandel/Documents/Projects/AlgoTestsCppGtest/cmake-build-debug/tests/class_library_tests
"TurboSearch.BinarySearch" start time: May 16 12:14 CEST
Output:
----------------------------------------------------------
Note: Google Test filter = TurboSearch.BinarySearch
[==========] Running 1 test from 1 test suite.
[----------] Global test environment set-up.
[----------] 1 test from TurboSearch
[ RUN      ] TurboSearch.BinarySearch
BinarySearch: 5 microseconds
[       OK ] TurboSearch.BinarySearch (0 ms)
[----------] 1 test from TurboSearch (0 ms total)

[----------] Global test environment tear-down
[==========] 1 test from 1 test suite ran. (0 ms total)
[  PASSED  ] 1 test.
<end of output>
Test time =   0.01 sec
----------------------------------------------------------
Test Passed.
"TurboSearch.BinarySearch" end time: May 16 12:14 CEST
"TurboSearch.BinarySearch" time elapsed: 00:00:00
----------------------------------------------------------

9/16 Testing: TurboSort.SelectionSort
9/16 Test: TurboSort.SelectionSort
Command: "/Users/mandel/Documents/Projects/AlgoTestsCppGtest/cmake-build-debug/tests/class_library_tests/class_library_tests" "--gtest_filter=TurboSort.SelectionSort" "--gtest_also_run_disabled_tests"
Directory: /Users/mandel/Documents/Projects/AlgoTestsCppGtest/cmake-build-debug/tests/class_library_tests
"TurboSort.SelectionSort" start time: May 16 12:14 CEST
Output:
----------------------------------------------------------
Note: Google Test filter = TurboSort.SelectionSort
[==========] Running 1 test from 1 test suite.
[----------] Global test environment set-up.
[----------] 1 test from TurboSort
[ RUN      ] TurboSort.SelectionSort
[       OK ] TurboSort.SelectionSort (0 ms)
[----------] 1 test from TurboSort (0 ms total)

[----------] Global test environment tear-down
[==========] 1 test from 1 test suite ran. (0 ms total)
[  PASSED  ] 1 test.
<end of output>
Test time =   0.01 sec
----------------------------------------------------------
Test Passed.
"TurboSort.SelectionSort" end time: May 16 12:14 CEST
"TurboSort.SelectionSort" time elapsed: 00:00:00
----------------------------------------------------------

10/16 Testing: TurboSort.BubbleSort
10/16 Test: TurboSort.BubbleSort
Command: "/Users/mandel/Documents/Projects/AlgoTestsCppGtest/cmake-build-debug/tests/class_library_tests/class_library_tests" "--gtest_filter=TurboSort.BubbleSort" "--gtest_also_run_disabled_tests"
Directory: /Users/mandel/Documents/Projects/AlgoTestsCppGtest/cmake-build-debug/tests/class_library_tests
"TurboSort.BubbleSort" start time: May 16 12:14 CEST
Output:
----------------------------------------------------------
Note: Google Test filter = TurboSort.BubbleSort
[==========] Running 1 test from 1 test suite.
[----------] Global test environment set-up.
[----------] 1 test from TurboSort
[ RUN      ] TurboSort.BubbleSort
[       OK ] TurboSort.BubbleSort (0 ms)
[----------] 1 test from TurboSort (0 ms total)

[----------] Global test environment tear-down
[==========] 1 test from 1 test suite ran. (0 ms total)
[  PASSED  ] 1 test.
<end of output>
Test time =   0.01 sec
----------------------------------------------------------
Test Passed.
"TurboSort.BubbleSort" end time: May 16 12:14 CEST
"TurboSort.BubbleSort" time elapsed: 00:00:00
----------------------------------------------------------

11/16 Testing: TurboSort.Quicksort
11/16 Test: TurboSort.Quicksort
Command: "/Users/mandel/Documents/Projects/AlgoTestsCppGtest/cmake-build-debug/tests/class_library_tests/class_library_tests" "--gtest_filter=TurboSort.Quicksort" "--gtest_also_run_disabled_tests"
Directory: /Users/mandel/Documents/Projects/AlgoTestsCppGtest/cmake-build-debug/tests/class_library_tests
"TurboSort.Quicksort" start time: May 16 12:14 CEST
Output:
----------------------------------------------------------
Note: Google Test filter = TurboSort.Quicksort
[==========] Running 1 test from 1 test suite.
[----------] Global test environment set-up.
[----------] 1 test from TurboSort
[ RUN      ] TurboSort.Quicksort
[       OK ] TurboSort.Quicksort (0 ms)
[----------] 1 test from TurboSort (0 ms total)

[----------] Global test environment tear-down
[==========] 1 test from 1 test suite ran. (0 ms total)
[  PASSED  ] 1 test.
<end of output>
Test time =   0.01 sec
----------------------------------------------------------
Test Passed.
"TurboSort.Quicksort" end time: May 16 12:14 CEST
"TurboSort.Quicksort" time elapsed: 00:00:00
----------------------------------------------------------

12/16 Testing: TurboStack.AddCorrectlyToStack
12/16 Test: TurboStack.AddCorrectlyToStack
Command: "/Users/mandel/Documents/Projects/AlgoTestsCppGtest/cmake-build-debug/tests/class_library_tests/class_library_tests" "--gtest_filter=TurboStack.AddCorrectlyToStack" "--gtest_also_run_disabled_tests"
Directory: /Users/mandel/Documents/Projects/AlgoTestsCppGtest/cmake-build-debug/tests/class_library_tests
"TurboStack.AddCorrectlyToStack" start time: May 16 12:14 CEST
Output:
----------------------------------------------------------
Note: Google Test filter = TurboStack.AddCorrectlyToStack
[==========] Running 1 test from 1 test suite.
[----------] Global test environment set-up.
[----------] 1 test from TurboStack
[ RUN      ] TurboStack.AddCorrectlyToStack
[       OK ] TurboStack.AddCorrectlyToStack (0 ms)
[----------] 1 test from TurboStack (0 ms total)

[----------] Global test environment tear-down
[==========] 1 test from 1 test suite ran. (0 ms total)
[  PASSED  ] 1 test.
<end of output>
Test time =   0.01 sec
----------------------------------------------------------
Test Passed.
"TurboStack.AddCorrectlyToStack" end time: May 16 12:14 CEST
"TurboStack.AddCorrectlyToStack" time elapsed: 00:00:00
----------------------------------------------------------

13/16 Testing: TurboStack.PopAndPeekInStack
13/16 Test: TurboStack.PopAndPeekInStack
Command: "/Users/mandel/Documents/Projects/AlgoTestsCppGtest/cmake-build-debug/tests/class_library_tests/class_library_tests" "--gtest_filter=TurboStack.PopAndPeekInStack" "--gtest_also_run_disabled_tests"
Directory: /Users/mandel/Documents/Projects/AlgoTestsCppGtest/cmake-build-debug/tests/class_library_tests
"TurboStack.PopAndPeekInStack" start time: May 16 12:14 CEST
Output:
----------------------------------------------------------
Note: Google Test filter = TurboStack.PopAndPeekInStack
[==========] Running 1 test from 1 test suite.
[----------] Global test environment set-up.
[----------] 1 test from TurboStack
[ RUN      ] TurboStack.PopAndPeekInStack
[       OK ] TurboStack.PopAndPeekInStack (0 ms)
[----------] 1 test from TurboStack (0 ms total)

[----------] Global test environment tear-down
[==========] 1 test from 1 test suite ran. (0 ms total)
[  PASSED  ] 1 test.
<end of output>
Test time =   0.01 sec
----------------------------------------------------------
Test Passed.
"TurboStack.PopAndPeekInStack" end time: May 16 12:14 CEST
"TurboStack.PopAndPeekInStack" time elapsed: 00:00:00
----------------------------------------------------------

14/16 Testing: TurboStack.StackSizeAndEmpty
14/16 Test: TurboStack.StackSizeAndEmpty
Command: "/Users/mandel/Documents/Projects/AlgoTestsCppGtest/cmake-build-debug/tests/class_library_tests/class_library_tests" "--gtest_filter=TurboStack.StackSizeAndEmpty" "--gtest_also_run_disabled_tests"
Directory: /Users/mandel/Documents/Projects/AlgoTestsCppGtest/cmake-build-debug/tests/class_library_tests
"TurboStack.StackSizeAndEmpty" start time: May 16 12:14 CEST
Output:
----------------------------------------------------------
Note: Google Test filter = TurboStack.StackSizeAndEmpty
[==========] Running 1 test from 1 test suite.
[----------] Global test environment set-up.
[----------] 1 test from TurboStack
[ RUN      ] TurboStack.StackSizeAndEmpty
[       OK ] TurboStack.StackSizeAndEmpty (0 ms)
[----------] 1 test from TurboStack (0 ms total)

[----------] Global test environment tear-down
[==========] 1 test from 1 test suite ran. (0 ms total)
[  PASSED  ] 1 test.
<end of output>
Test time =   0.01 sec
----------------------------------------------------------
Test Passed.
"TurboStack.StackSizeAndEmpty" end time: May 16 12:14 CEST
"TurboStack.StackSizeAndEmpty" time elapsed: 00:00:00
----------------------------------------------------------

15/16 Testing: TurboQueue.AddCorrectlyToQueue
15/16 Test: TurboQueue.AddCorrectlyToQueue
Command: "/Users/mandel/Documents/Projects/AlgoTestsCppGtest/cmake-build-debug/tests/class_library_tests/class_library_tests" "--gtest_filter=TurboQueue.AddCorrectlyToQueue" "--gtest_also_run_disabled_tests"
Directory: /Users/mandel/Documents/Projects/AlgoTestsCppGtest/cmake-build-debug/tests/class_library_tests
"TurboQueue.AddCorrectlyToQueue" start time: May 16 12:14 CEST
Output:
----------------------------------------------------------
Note: Google Test filter = TurboQueue.AddCorrectlyToQueue
[==========] Running 1 test from 1 test suite.
[----------] Global test environment set-up.
[----------] 1 test from TurboQueue
[ RUN      ] TurboQueue.AddCorrectlyToQueue
[       OK ] TurboQueue.AddCorrectlyToQueue (0 ms)
[----------] 1 test from TurboQueue (0 ms total)

[----------] Global test environment tear-down
[==========] 1 test from 1 test suite ran. (0 ms total)
[  PASSED  ] 1 test.
<end of output>
Test time =   0.01 sec
----------------------------------------------------------
Test Passed.
"TurboQueue.AddCorrectlyToQueue" end time: May 16 12:14 CEST
"TurboQueue.AddCorrectlyToQueue" time elapsed: 00:00:00
----------------------------------------------------------

16/16 Testing: TurboQueue.CheckFrontandDequeue
16/16 Test: TurboQueue.CheckFrontandDequeue
Command: "/Users/mandel/Documents/Projects/AlgoTestsCppGtest/cmake-build-debug/tests/class_library_tests/class_library_tests" "--gtest_filter=TurboQueue.CheckFrontandDequeue" "--gtest_also_run_disabled_tests"
Directory: /Users/mandel/Documents/Projects/AlgoTestsCppGtest/cmake-build-debug/tests/class_library_tests
"TurboQueue.CheckFrontandDequeue" start time: May 16 12:14 CEST
Output:
----------------------------------------------------------
Note: Google Test filter = TurboQueue.CheckFrontandDequeue
[==========] Running 1 test from 1 test suite.
[----------] Global test environment set-up.
[----------] 1 test from TurboQueue
[ RUN      ] TurboQueue.CheckFrontandDequeue
[       OK ] TurboQueue.CheckFrontandDequeue (0 ms)
[----------] 1 test from TurboQueue (0 ms total)

[----------] Global test environment tear-down
[==========] 1 test from 1 test suite ran. (0 ms total)
[  PASSED  ] 1 test.
<end of output>
Test time =   0.01 sec
----------------------------------------------------------
Test Passed.
"TurboQueue.CheckFrontandDequeue" end time: May 16 12:14 CEST
"TurboQueue.CheckFrontandDequeue" time elapsed: 00:00:00
----------------------------------------------------------

End testing: May 16 12:14 CEST
